2019-03-08 10:01:09.716  INFO 804 --- [http-nio-8080-exec-10] -------Params----                        : Hello World!!!!!
2019-03-08 10:01:10.083  INFO 804 --- [http-nio-8080-exec-1] -------Params----                        : Hello World!!!!!
2019-03-08 10:01:10.416  INFO 804 --- [http-nio-8080-exec-3] -------Params----                        : Hello World!!!!!
2019-03-08 10:01:11.210  INFO 804 --- [http-nio-8080-exec-2] -------Params----                        : Hello World!!!!!
2019-03-08 10:22:14.641  INFO 13932 --- [main] c.e.s.SpringBootAppApplication           : Starting SpringBootAppApplication on DESKTOP-UMSCP8T with PID 13932 (C:\Users\olehs\IdeaProjects\spring-boot-app\target\classes started by olehs in C:\Users\olehs\IdeaProjects\spring-boot-app)
2019-03-08 10:22:14.659  INFO 13932 --- [main] c.e.s.SpringBootAppApplication           : No active profile set, falling back to default profiles: default
2019-03-08 10:22:14.996  INFO 13932 --- [main] ConfigServletWebServerApplicationContext : Refreshing org.springframework.boot.web.servlet.context.AnnotationConfigServletWebServerApplicationContext@6150c3ec: startup date [Fri Mar 08 10:22:14 EET 2019]; root of context hierarchy
2019-03-08 10:22:17.077  INFO 13932 --- [main] o.s.b.w.embedded.tomcat.TomcatWebServer  : Tomcat initialized with port(s): 8080 (http)
2019-03-08 10:22:17.112  INFO 13932 --- [main] o.apache.catalina.core.StandardService   : Starting service [Tomcat]
2019-03-08 10:22:17.112  INFO 13932 --- [main] org.apache.catalina.core.StandardEngine  : Starting Servlet Engine: Apache Tomcat/8.5.34
2019-03-08 10:22:17.120  INFO 13932 --- [localhost-startStop-1] o.a.catalina.core.AprLifecycleListener   : The APR based Apache Tomcat Native library which allows optimal performance in production environments was not found on the java.library.path: [C:\Program Files\Java\jdk1.8.0_171\bin;C:\Windows\Sun\Java\bin;C:\Windows\system32;C:\Windows;C:\Program Files (x86)\Common Files\Oracle\Java\javapath;C:\Windows\system32;C:\Windows;C:\Windows\System32\Wbem;C:\Windows\System32\WindowsPowerShell\v1.0\;C:\Windows\System32\OpenSSH\;C:\Program Files\Java\jdk1.8.0_171\bin;C:\Program Files\Git\cmd;C:\Program Files\nodejs\;C:\Users\olehs\AppData\Local\Microsoft\WindowsApps;C:\Users\olehs\AppData\Roaming\npm;.]
2019-03-08 10:22:17.272  INFO 13932 --- [localhost-startStop-1] o.a.c.c.C.[Tomcat].[localhost].[/]       : Initializing Spring embedded WebApplicationContext
2019-03-08 10:22:17.272  INFO 13932 --- [localhost-startStop-1] o.s.web.context.ContextLoader            : Root WebApplicationContext: initialization completed in 2276 ms
2019-03-08 10:22:17.408  INFO 13932 --- [localhost-startStop-1] o.s.b.w.servlet.FilterRegistrationBean   : Mapping filter: 'characterEncodingFilter' to: [/*]
2019-03-08 10:22:17.408  INFO 13932 --- [localhost-startStop-1] o.s.b.w.servlet.FilterRegistrationBean   : Mapping filter: 'hiddenHttpMethodFilter' to: [/*]
2019-03-08 10:22:17.408  INFO 13932 --- [localhost-startStop-1] o.s.b.w.servlet.FilterRegistrationBean   : Mapping filter: 'httpPutFormContentFilter' to: [/*]
2019-03-08 10:22:17.409  INFO 13932 --- [localhost-startStop-1] o.s.b.w.servlet.FilterRegistrationBean   : Mapping filter: 'requestContextFilter' to: [/*]
2019-03-08 10:22:17.410  INFO 13932 --- [localhost-startStop-1] .s.DelegatingFilterProxyRegistrationBean : Mapping filter: 'springSecurityFilterChain' to: [/*]
2019-03-08 10:22:17.410  INFO 13932 --- [localhost-startStop-1] o.s.b.w.servlet.ServletRegistrationBean  : Servlet dispatcherServlet mapped to [/]
2019-03-08 10:22:18.002  INFO 13932 --- [main] o.s.s.web.DefaultSecurityFilterChain     : Creating filter chain: org.springframework.security.web.util.matcher.AnyRequestMatcher@1, [org.springframework.security.web.context.request.async.WebAsyncManagerIntegrationFilter@28782602, org.springframework.security.web.context.SecurityContextPersistenceFilter@2c383e33, org.springframework.security.web.header.HeaderWriterFilter@44f9779c, org.springframework.security.web.csrf.CsrfFilter@55f45b92, org.springframework.security.web.authentication.logout.LogoutFilter@367795c7, org.springframework.security.web.authentication.www.BasicAuthenticationFilter@1ad926d3, org.springframework.security.web.savedrequest.RequestCacheAwareFilter@76304b46, org.springframework.security.web.servletapi.SecurityContextHolderAwareRequestFilter@64a896b0, org.springframework.security.web.authentication.AnonymousAuthenticationFilter@60c16548, org.springframework.security.web.session.SessionManagementFilter@c7a977f, org.springframework.security.web.access.ExceptionTranslationFilter@3163987e, org.springframework.security.web.access.intercept.FilterSecurityInterceptor@7daa61f3]
2019-03-08 10:22:18.094  INFO 13932 --- [main] o.s.w.s.handler.SimpleUrlHandlerMapping  : Mapped URL path [/**/favicon.ico] onto handler of type [class org.springframework.web.servlet.resource.ResourceHttpRequestHandler]
2019-03-08 10:22:18.298  INFO 13932 --- [main] s.w.s.m.m.a.RequestMappingHandlerAdapter : Looking for @ControllerAdvice: org.springframework.boot.web.servlet.context.AnnotationConfigServletWebServerApplicationContext@6150c3ec: startup date [Fri Mar 08 10:22:14 EET 2019]; root of context hierarchy
2019-03-08 10:22:18.415  INFO 13932 --- [main] s.w.s.m.m.a.RequestMappingHandlerMapping : Mapped "{[/api/uploadFile],methods=[POST]}" onto public com.example.springbootapp.model.UploadFileResponse com.example.springbootapp.controllers.MainRestController.uploadFile(org.springframework.web.multipart.MultipartFile)
2019-03-08 10:22:18.418  INFO 13932 --- [main] s.w.s.m.m.a.RequestMappingHandlerMapping : Mapped "{[/api/send-params],methods=[GET]}" onto public org.springframework.http.ResponseEntity<java.lang.String> com.example.springbootapp.controllers.MainRestController.sendParams(java.lang.String,java.lang.String)
2019-03-08 10:22:18.419  INFO 13932 --- [main] s.w.s.m.m.a.RequestMappingHandlerMapping : Mapped "{[/api/uploadMultipleFiles],methods=[POST]}" onto public java.util.List<com.example.springbootapp.model.UploadFileResponse> com.example.springbootapp.controllers.MainRestController.uploadMultipleFiles(org.springframework.web.multipart.MultipartFile[])
2019-03-08 10:22:18.424  INFO 13932 --- [main] s.w.s.m.m.a.RequestMappingHandlerMapping : Mapped "{[/error]}" onto public org.springframework.http.ResponseEntity<java.util.Map<java.lang.String, java.lang.Object>> org.springframework.boot.autoconfigure.web.servlet.error.BasicErrorController.error(javax.servlet.http.HttpServletRequest)
2019-03-08 10:22:18.425  INFO 13932 --- [main] s.w.s.m.m.a.RequestMappingHandlerMapping : Mapped "{[/error],produces=[text/html]}" onto public org.springframework.web.servlet.ModelAndView org.springframework.boot.autoconfigure.web.servlet.error.BasicErrorController.errorHtml(javax.servlet.http.HttpServletRequest,javax.servlet.http.HttpServletResponse)
2019-03-08 10:22:18.462  INFO 13932 --- [main] o.s.w.s.handler.SimpleUrlHandlerMapping  : Mapped URL path [/webjars/**] onto handler of type [class org.springframework.web.servlet.resource.ResourceHttpRequestHandler]
2019-03-08 10:22:18.463  INFO 13932 --- [main] o.s.w.s.handler.SimpleUrlHandlerMapping  : Mapped URL path [/**] onto handler of type [class org.springframework.web.servlet.resource.ResourceHttpRequestHandler]
2019-03-08 10:22:18.660  INFO 13932 --- [main] o.s.j.e.a.AnnotationMBeanExporter        : Registering beans for JMX exposure on startup
2019-03-08 10:22:18.712  INFO 13932 --- [main] o.s.b.w.embedded.tomcat.TomcatWebServer  : Tomcat started on port(s): 8080 (http) with context path ''
2019-03-08 10:22:18.718  INFO 13932 --- [main] c.e.s.SpringBootAppApplication           : Started SpringBootAppApplication in 5.305 seconds (JVM running for 7.815)
