2019-03-08 10:00:24.895  INFO 804 --- [main] c.e.s.SpringBootAppApplication           : Starting SpringBootAppApplication on DESKTOP-DA27S97 with PID 804 (C:\Users\olehsul\IdeaProjects\owuProject\spring-boot-app\target\classes started by olehsul in C:\Users\olehsul\IdeaProjects\owuProject\spring-boot-app)
2019-03-08 10:00:24.895  INFO 804 --- [main] c.e.s.SpringBootAppApplication           : No active profile set, falling back to default profiles: default
2019-03-08 10:00:24.965  INFO 804 --- [main] ConfigServletWebServerApplicationContext : Refreshing org.springframework.boot.web.servlet.context.AnnotationConfigServletWebServerApplicationContext@51399530: startup date [Fri Mar 08 10:00:24 EET 2019]; root of context hierarchy
2019-03-08 10:00:25.994  INFO 804 --- [main] o.s.b.w.embedded.tomcat.TomcatWebServer  : Tomcat initialized with port(s): 8080 (http)
2019-03-08 10:00:26.010  INFO 804 --- [main] o.apache.catalina.core.StandardService   : Starting service [Tomcat]
2019-03-08 10:00:26.010  INFO 804 --- [main] org.apache.catalina.core.StandardEngine  : Starting Servlet Engine: Apache Tomcat/8.5.34
2019-03-08 10:00:26.010  INFO 804 --- [localhost-startStop-1] o.a.catalina.core.AprLifecycleListener   : The APR based Apache Tomcat Native library which allows optimal performance in production environments was not found on the java.library.path: [C:\Program Files\Java\jdk1.8.0_171\bin;C:\WINDOWS\Sun\Java\bin;C:\WINDOWS\system32;C:\WINDOWS;C:\Program Files (x86)\NVIDIA Corporation\PhysX\Common;C:\Program Files (x86)\Common Files\Oracle\Java\javapath;C:\WINDOWS\system32;C:\WINDOWS;C:\WINDOWS\System32\Wbem;C:\WINDOWS\System32\WindowsPowerShell\v1.0\;C:\Program Files (x86)\AMD\ATI.ACE\Core-Static\:C:\Program Files\Java\jre1.8.0_171\bin;C:\WINDOWS\System32\OpenSSH\;C:\Program Files\Git\cmd;C:\Program Files\Java\apache-maven-3.5.4\bin;C:\Program Files\nodejs\;C:\Program Files\Java\jdk1.8.0_171\bin;C:\Users\olehsul\AppData\Local\Microsoft\WindowsApps;C:\Users\olehsul\AppData\Local\Programs\Microsoft VS Code\bin;C:\Program Files\MongoDB\bin;C:\Users\olehsul\AppData\Roaming\npm;.]
2019-03-08 10:00:26.088  INFO 804 --- [localhost-startStop-1] o.a.c.c.C.[Tomcat].[localhost].[/]       : Initializing Spring embedded WebApplicationContext
2019-03-08 10:00:26.088  INFO 804 --- [localhost-startStop-1] o.s.web.context.ContextLoader            : Root WebApplicationContext: initialization completed in 1123 ms
2019-03-08 10:00:26.151  INFO 804 --- [localhost-startStop-1] o.s.b.w.servlet.FilterRegistrationBean   : Mapping filter: 'characterEncodingFilter' to: [/*]
2019-03-08 10:00:26.151  INFO 804 --- [localhost-startStop-1] o.s.b.w.servlet.FilterRegistrationBean   : Mapping filter: 'hiddenHttpMethodFilter' to: [/*]
2019-03-08 10:00:26.151  INFO 804 --- [localhost-startStop-1] o.s.b.w.servlet.FilterRegistrationBean   : Mapping filter: 'httpPutFormContentFilter' to: [/*]
2019-03-08 10:00:26.151  INFO 804 --- [localhost-startStop-1] o.s.b.w.servlet.FilterRegistrationBean   : Mapping filter: 'requestContextFilter' to: [/*]
2019-03-08 10:00:26.151  INFO 804 --- [localhost-startStop-1] .s.DelegatingFilterProxyRegistrationBean : Mapping filter: 'springSecurityFilterChain' to: [/*]
2019-03-08 10:00:26.151  INFO 804 --- [localhost-startStop-1] o.s.b.w.servlet.ServletRegistrationBean  : Servlet dispatcherServlet mapped to [/]
2019-03-08 10:00:26.454  INFO 804 --- [main] o.s.s.web.DefaultSecurityFilterChain     : Creating filter chain: org.springframework.security.web.util.matcher.AnyRequestMatcher@1, [org.springframework.security.web.context.request.async.WebAsyncManagerIntegrationFilter@60e9df3c, org.springframework.security.web.context.SecurityContextPersistenceFilter@503fbbc6, org.springframework.security.web.header.HeaderWriterFilter@606fc505, org.springframework.security.web.csrf.CsrfFilter@6826c41e, org.springframework.security.web.authentication.logout.LogoutFilter@43d455c9, org.springframework.security.web.authentication.www.BasicAuthenticationFilter@778ca8ef, org.springframework.security.web.savedrequest.RequestCacheAwareFilter@109f5dd8, org.springframework.security.web.servletapi.SecurityContextHolderAwareRequestFilter@bf71cec, org.springframework.security.web.authentication.AnonymousAuthenticationFilter@907f2b7, org.springframework.security.web.session.SessionManagementFilter@49298ce7, org.springframework.security.web.access.ExceptionTranslationFilter@304a9d7b, org.springframework.security.web.access.intercept.FilterSecurityInterceptor@430fa4ef]
2019-03-08 10:00:26.501  INFO 804 --- [main] o.s.w.s.handler.SimpleUrlHandlerMapping  : Mapped URL path [/**/favicon.ico] onto handler of type [class org.springframework.web.servlet.resource.ResourceHttpRequestHandler]
2019-03-08 10:00:26.626  INFO 804 --- [main] s.w.s.m.m.a.RequestMappingHandlerAdapter : Looking for @ControllerAdvice: org.springframework.boot.web.servlet.context.AnnotationConfigServletWebServerApplicationContext@51399530: startup date [Fri Mar 08 10:00:24 EET 2019]; root of context hierarchy
2019-03-08 10:00:26.673  INFO 804 --- [main] s.w.s.m.m.a.RequestMappingHandlerMapping : Mapped "{[/api/uploadMultipleFiles],methods=[POST]}" onto public java.util.List<com.example.springbootapp.model.UploadFileResponse> com.example.springbootapp.controllers.MainRestController.uploadMultipleFiles(org.springframework.web.multipart.MultipartFile[])
2019-03-08 10:00:26.673  INFO 804 --- [main] s.w.s.m.m.a.RequestMappingHandlerMapping : Mapped "{[/api/uploadFile],methods=[POST]}" onto public com.example.springbootapp.model.UploadFileResponse com.example.springbootapp.controllers.MainRestController.uploadFile(org.springframework.web.multipart.MultipartFile)
2019-03-08 10:00:26.673  INFO 804 --- [main] s.w.s.m.m.a.RequestMappingHandlerMapping : Mapped "{[/api/send-params],methods=[GET]}" onto public org.springframework.http.ResponseEntity<java.lang.String> com.example.springbootapp.controllers.MainRestController.sendParams(java.lang.String,java.lang.String)
2019-03-08 10:00:26.673  INFO 804 --- [main] s.w.s.m.m.a.RequestMappingHandlerMapping : Mapped "{[/error]}" onto public org.springframework.http.ResponseEntity<java.util.Map<java.lang.String, java.lang.Object>> org.springframework.boot.autoconfigure.web.servlet.error.BasicErrorController.error(javax.servlet.http.HttpServletRequest)
2019-03-08 10:00:26.673  INFO 804 --- [main] s.w.s.m.m.a.RequestMappingHandlerMapping : Mapped "{[/error],produces=[text/html]}" onto public org.springframework.web.servlet.ModelAndView org.springframework.boot.autoconfigure.web.servlet.error.BasicErrorController.errorHtml(javax.servlet.http.HttpServletRequest,javax.servlet.http.HttpServletResponse)
2019-03-08 10:00:26.692  INFO 804 --- [main] o.s.w.s.handler.SimpleUrlHandlerMapping  : Mapped URL path [/webjars/**] onto handler of type [class org.springframework.web.servlet.resource.ResourceHttpRequestHandler]
2019-03-08 10:00:26.692  INFO 804 --- [main] o.s.w.s.handler.SimpleUrlHandlerMapping  : Mapped URL path [/**] onto handler of type [class org.springframework.web.servlet.resource.ResourceHttpRequestHandler]
2019-03-08 10:00:26.784  INFO 804 --- [main] o.s.j.e.a.AnnotationMBeanExporter        : Registering beans for JMX exposure on startup
2019-03-08 10:00:26.800  INFO 804 --- [main] o.s.b.w.embedded.tomcat.TomcatWebServer  : Tomcat started on port(s): 8080 (http) with context path ''
2019-03-08 10:00:26.815  INFO 804 --- [main] c.e.s.SpringBootAppApplication           : Started SpringBootAppApplication in 2.314 seconds (JVM running for 2.916)
2019-03-08 10:00:27.393  INFO 804 --- [http-nio-8080-exec-3] o.a.c.c.C.[Tomcat].[localhost].[/]       : Initializing Spring FrameworkServlet 'dispatcherServlet'
2019-03-08 10:00:27.393  INFO 804 --- [http-nio-8080-exec-3] o.s.web.servlet.DispatcherServlet        : FrameworkServlet 'dispatcherServlet': initialization started
2019-03-08 10:00:27.407  INFO 804 --- [http-nio-8080-exec-3] o.s.web.servlet.DispatcherServlet        : FrameworkServlet 'dispatcherServlet': initialization completed in 14 ms
2019-03-08 10:00:27.703  INFO 804 --- [http-nio-8080-exec-3] -------Params----                        : gregergergge efefefefefehrerhehr
2019-03-08 10:00:28.641  INFO 804 --- [http-nio-8080-exec-2] -------Params----                        : gregergergge efefefefefehrerhehr
2019-03-08 10:00:29.068  INFO 804 --- [http-nio-8080-exec-4] -------Params----                        : gregergergge efefefefefehrerhehr
2019-03-08 10:00:30.248  INFO 804 --- [http-nio-8080-exec-5] -------Params----                        : gregergergge efefefefefehrerhehr
2019-03-08 10:00:30.726  INFO 804 --- [http-nio-8080-exec-7] -------Params----                        : gregergergge efefefefefehrerhehr
2019-03-08 10:00:31.160  INFO 804 --- [http-nio-8080-exec-6] -------Params----                        : gregergergge efefefefefehrerhehr
2019-03-08 10:00:31.661  INFO 804 --- [http-nio-8080-exec-8] -------Params----                        : gregergergge efefefefefehrerhehr
2019-03-08 10:00:57.500  INFO 804 --- [http-nio-8080-exec-9] -------Params----                        : Hello World
2019-03-08 10:00:58.210  INFO 804 --- [http-nio-8080-exec-10] -------Params----                        : Hello World
2019-03-08 10:01:00.161  INFO 804 --- [http-nio-8080-exec-1] -------Params----                        : Hello World
2019-03-08 10:01:00.692  INFO 804 --- [http-nio-8080-exec-3] -------Params----                        : Hello World
2019-03-08 10:01:01.107  INFO 804 --- [http-nio-8080-exec-2] -------Params----                        : Hello World
2019-03-08 10:01:02.851  INFO 804 --- [http-nio-8080-exec-4] -------Params----                        : Hello World
2019-03-08 10:01:03.479  INFO 804 --- [http-nio-8080-exec-5] -------Params----                        : Hello World
2019-03-08 10:01:03.855  INFO 804 --- [http-nio-8080-exec-7] -------Params----                        : Hello World
2019-03-08 10:01:07.335  INFO 804 --- [http-nio-8080-exec-6] -------Params----                        : Hello World!!!!!
2019-03-08 10:01:07.810  INFO 804 --- [http-nio-8080-exec-8] -------Params----                        : Hello World!!!!!
2019-03-08 10:01:09.456  INFO 804 --- [http-nio-8080-exec-9] -------Params----                        : Hello World!!!!!
